#
# There is insufficient memory for the Java Runtime Environment to continue.
# Native memory allocation (malloc) failed to allocate 1048576 bytes for AllocateHeap
# Possible reasons:
#   The system is out of physical RAM or swap space
#   In 32 bit mode, the process size limit was hit
# Possible solutions:
#   Reduce memory load on the system
#   Increase physical memory or swap space
#   Check if swap backing store is full
#   Use 64 bit Java on a 64 bit OS
#   Decrease Java heap size (-Xmx/-Xms)
#   Decrease number of Java threads
#   Decrease Java thread stack sizes (-Xss)
#   Set larger code cache with -XX:ReservedCodeCacheSize=
# This output file may be truncated or incomplete.
#
#  Out of Memory Error (memory/allocation.inline.hpp:61), pid=5548, tid=0x00000000000019b8
#
# JRE version:  (8.0_112-b15) (build )
# Java VM: Java HotSpot(TM) 64-Bit Server VM (25.112-b15 mixed mode windows-amd64 compressed oops)
# Failed to write core dump. Minidumps are not enabled by default on client versions of Windows
#

---------------  T H R E A D  ---------------

Current thread (0x0000000002c83800):  JavaThread "Unknown thread" [_thread_in_vm, id=6584, stack(0x0000000002800000,0x0000000002900000)]

Stack: [0x0000000002800000,0x0000000002900000]
[error occurred during error reporting (printing stack bounds), id 0xc0000005]

Native frames: (J=compiled Java code, j=interpreted, Vv=VM code, C=native code)


---------------  P R O C E S S  ---------------

Java Threads: ( => current thread )

Other Threads:

=>0x0000000002c83800 (exited) JavaThread "Unknown thread" [_thread_in_vm, id=6584, stack(0x0000000002800000,0x0000000002900000)]

VM state:not at safepoint (normal execution)

VM Mutex/Monitor currently owned by a thread: None

Heap:
 PSYoungGen      total 18944K, used 327K [0x00000000eb300000, 0x00000000ec800000, 0x0000000100000000)
  eden space 16384K, 2% used [0x00000000eb300000,0x00000000eb351ec8,0x00000000ec300000)
  from space 2560K, 0% used [0x00000000ec580000,0x00000000ec580000,0x00000000ec800000)
  to   space 2560K, 0% used [0x00000000ec300000,0x00000000ec300000,0x00000000ec580000)
 ParOldGen       total 44032K, used 0K [0x00000000c1800000, 0x00000000c4300000, 0x00000000eb300000)
  object space 44032K, 0% used [0x00000000c1800000,0x00000000c1800000,0x00000000c4300000)
 Metaspace       used 770K, capacity 4480K, committed 4480K, reserved 1056768K
  class space    used 75K, capacity 384K, committed 384K, reserved 1048576K

Card table byte_map: [0x0000000012140000,0x0000000012340000] byte_map_base: 0x0000000011b34000

Marking Bits: (ParMarkBitMap*) 0x000000006dbda6d0
 Begin Bits: [0x0000000012890000, 0x0000000013830000)
 End Bits:   [0x0000000013830000, 0x00000000147d0000)

Polling page: 0x0000000001090000

CodeCache: size=245760Kb used=328Kb max_used=328Kb free=245431Kb
 bounds [0x0000000002d80000, 0x0000000002ff0000, 0x0000000011d80000]
 total_blobs=58 nmethods=0 adapters=38
 compilation: enabled

Compilation events (0 events):
No events

GC Heap History (0 events):
No events

Deoptimization events (0 events):
No events

Internal exceptions (0 events):
No events

Events (10 events):
Event: 0.032 loading class java/lang/Short
Event: 0.032 loading class java/lang/Short done
Event: 0.032 loading class java/lang/Integer
Event: 0.032 loading class java/lang/Integer done
Event: 0.032 loading class java/lang/Long
Event: 0.033 loading class java/lang/Long done
Event: 0.034 loading class java/lang/NullPointerException
Event: 0.034 loading class java/lang/NullPointerException done
Event: 0.034 loading class java/lang/ArithmeticException
Event: 0.034 loading class java/lang/ArithmeticException done


Dynamic libraries:
0x00007ff665110000 - 0x00007ff665147000 	D:\Programe Files\java1.8.0\jdk\bin\java.exe
0x00007ffe01240000 - 0x00007ffe01411000 	C:\WINDOWS\SYSTEM32\ntdll.dll
0x00007ffdff340000 - 0x00007ffdff3eb000 	C:\WINDOWS\System32\KERNEL32.DLL
0x00007ffdfe100000 - 0x00007ffdfe31d000 	C:\WINDOWS\System32\KERNELBASE.dll
0x00007ffdff280000 - 0x00007ffdff322000 	C:\WINDOWS\System32\ADVAPI32.dll
0x00007ffdfec90000 - 0x00007ffdfed2e000 	C:\WINDOWS\System32\msvcrt.dll
0x00007ffe00aa0000 - 0x00007ffe00af9000 	C:\WINDOWS\System32\sechost.dll
0x00007ffdfeb60000 - 0x00007ffdfec81000 	C:\WINDOWS\System32\RPCRT4.dll
0x00007ffdfef70000 - 0x00007ffdff0d5000 	C:\WINDOWS\System32\USER32.dll
0x00007ffdfe710000 - 0x00007ffdfe72e000 	C:\WINDOWS\System32\win32u.dll
0x00007ffe00a60000 - 0x00007ffe00a94000 	C:\WINDOWS\System32\GDI32.dll
0x00007ffdfe580000 - 0x00007ffdfe702000 	C:\WINDOWS\System32\gdi32full.dll
0x00007ffdf4e70000 - 0x00007ffdf50e9000 	C:\WINDOWS\WinSxS\amd64_microsoft.windows.common-controls_6595b64144ccf1df_6.0.14393.447_none_42191651c6827bb3\COMCTL32.dll
0x00007ffdfe830000 - 0x00007ffdfeaf8000 	C:\WINDOWS\System32\combase.dll
0x00007ffdfe3d0000 - 0x00007ffdfe4c5000 	C:\WINDOWS\System32\ucrtbase.dll
0x00007ffdfd730000 - 0x00007ffdfd79a000 	C:\WINDOWS\System32\bcryptPrimitives.dll
0x00007ffe00c70000 - 0x00007ffe00c9e000 	C:\WINDOWS\System32\IMM32.DLL
0x000000006d110000 - 0x000000006d1e2000 	D:\Programe Files\java1.8.0\jdk\jre\bin\msvcr100.dll
0x000000006d3c0000 - 0x000000006dc5a000 	D:\Programe Files\java1.8.0\jdk\jre\bin\server\jvm.dll
0x00007ffdff330000 - 0x00007ffdff338000 	C:\WINDOWS\System32\PSAPI.DLL
0x00007ffdeec80000 - 0x00007ffdeec89000 	C:\WINDOWS\SYSTEM32\WSOCK32.dll
0x00007ffe00ca0000 - 0x00007ffe00d0a000 	C:\WINDOWS\System32\WS2_32.dll
0x00007ffdfbb10000 - 0x00007ffdfbb33000 	C:\WINDOWS\SYSTEM32\WINMM.dll
0x00007ffdf7820000 - 0x00007ffdf782a000 	C:\WINDOWS\SYSTEM32\VERSION.dll
0x00007ffdfbae0000 - 0x00007ffdfbb0b000 	C:\WINDOWS\SYSTEM32\WINMMBASE.dll
0x00007ffdfd7a0000 - 0x00007ffdfd7e2000 	C:\WINDOWS\System32\cfgmgr32.dll
0x000000006de60000 - 0x000000006de6f000 	D:\Programe Files\java1.8.0\jdk\jre\bin\verify.dll
0x000000006de30000 - 0x000000006de59000 	D:\Programe Files\java1.8.0\jdk\jre\bin\java.dll
0x000000006de10000 - 0x000000006de26000 	D:\Programe Files\java1.8.0\jdk\jre\bin\zip.dll

VM Arguments:
jvm_args: -ea -Didea.launcher.port=7546 -Didea.launcher.bin.path=D:\Programe Files\IntelliJ IDEA 2016.2.5\bin -Didea.junit.sm_runner -Dfile.encoding=UTF-8 
java_command: com.intellij.rt.execution.application.AppMain com.intellij.rt.execution.junit.JUnitStarter -ideVersion5 me.alent.core.service.TestBeanServiceTest,findTestBeanById
java_class_path (initial): D:\Programe Files\IntelliJ IDEA 2016.2.5\lib\idea_rt.jar;D:\Programe Files\IntelliJ IDEA 2016.2.5\plugins\junit\lib\junit-rt.jar;D:\Programe Files\java1.8.0\jdk\jre\lib\charsets.jar;D:\Programe Files\java1.8.0\jdk\jre\lib\deploy.jar;D:\Programe Files\java1.8.0\jdk\jre\lib\ext\access-bridge-64.jar;D:\Programe Files\java1.8.0\jdk\jre\lib\ext\cldrdata.jar;D:\Programe Files\java1.8.0\jdk\jre\lib\ext\dnsns.jar;D:\Programe Files\java1.8.0\jdk\jre\lib\ext\jaccess.jar;D:\Programe Files\java1.8.0\jdk\jre\lib\ext\jfxrt.jar;D:\Programe Files\java1.8.0\jdk\jre\lib\ext\localedata.jar;D:\Programe Files\java1.8.0\jdk\jre\lib\ext\nashorn.jar;D:\Programe Files\java1.8.0\jdk\jre\lib\ext\sunec.jar;D:\Programe Files\java1.8.0\jdk\jre\lib\ext\sunjce_provider.jar;D:\Programe Files\java1.8.0\jdk\jre\lib\ext\sunmscapi.jar;D:\Programe Files\java1.8.0\jdk\jre\lib\ext\sunpkcs11.jar;D:\Programe Files\java1.8.0\jdk\jre\lib\ext\zipfs.jar;D:\Programe Files\java1.8.0\jdk\jre\lib\javaws.jar;D:\Programe Files\java1.8.0\jdk\jre\lib\jce.jar;D:\Programe Files\java1.8.0\jdk\jre\lib\jfr.jar;D:\Programe Files\java1.8.0\jdk\jre\lib\jfxswt.jar;D:\Programe Files\java1.8.0\jdk\jre\lib\jsse.jar;D:\Programe Files\java1.8.0\jdk\jre\lib\management-agent.jar;D:\Programe Files\java1.8.0\jdk\jre\lib\plugin.jar;D:\Programe Files\java1.8.0\jdk\jre\lib\resources.jar;D:\Programe Files\java1.8.0\jdk\jre\lib\rt.jar;D:\IdeaProjects\babasport\target\test-classes;D:\IdeaProjects\babasport\target\classes;D:\Programe Files\maven\repo\junit\junit\4.8.2\junit-4.8.2.jar;D:\Programe Files\maven\repo\org\springframework\spring-core\3.2.4.RELEASE\spring-core-3.2.4.RELEASE.jar;D:\Programe Files\maven\repo\commons-logging\commons-logging\1.1.1\commons-logging-1.1.1.jar;D:\Programe Files\maven\repo\org\springframework\spring-web\3.2.4.RELEASE\spring-web-3.2.4.RELEASE.jar;D:\Programe Files\maven\repo\aopalliance\aopalliance\1.0\aopalliance-1.0.jar;D:\Programe Files\maven\repo\org\springframework\spring-aop\3
Launcher Type: SUN_STANDARD

Environment Variables:
PATH=C:\ProgramData\Oracle\Java\javapath;C:\WINDOWS\system32;C:\WINDOWS;C:\WINDOWS\System32\Wbem;C:\WINDOWS\System32\WindowsPowerShell\v1.0\;D:\Programe Files\nodejs\;C:\Users\Alent\AppData\Roaming\npm;C:\Program Files (x86)\Microsoft VS Code\bin;D:\Programe Files\java1.8.0\jdk\bin;D:\java\mysql\mysql-5.7.14-winx64\bin;%USERPROFILE%\AppData\Local\Microsoft\WindowsApps;
USERNAME=Alent
OS=Windows_NT
PROCESSOR_IDENTIFIER=Intel64 Family 6 Model 61 Stepping 4, GenuineIntel



---------------  S Y S T E M  ---------------

OS: Windows 10.0 , 64 bit Build 14393 (10.0.14393.0)

CPU:total 4 (2 cores per cpu, 2 threads per core) family 6 model 61 stepping 4, cmov, cx8, fxsr, mmx, sse, sse2, sse3, ssse3, sse4.1, sse4.2, popcnt, avx, avx2, aes, clmul, erms, 3dnowpref, lzcnt, ht, tsc, tscinvbit, bmi1, bmi2, adx

Memory: 4k page, physical 4091244k(800576k free), swap 5139820k(5808k free)

vm_info: Java HotSpot(TM) 64-Bit Server VM (25.112-b15) for windows-amd64 JRE (1.8.0_112-b15), built on Sep 22 2016 21:31:56 by "java_re" with MS VC++ 10.0 (VS2010)

time: Mon Feb 20 21:27:29 2017
elapsed time: 0 seconds (0d 0h 0m 0s)

